0.47345131635665894, 0.47345132743362833, 1,64, 3, 256, 256, 2,0.3, 0.3, 2,concat2, 0.0003, 500, 60, 5, 5, /data/research_data/driver_activity/data/train, metro_h2_pt_vi_1.pth, log, exe_metro_h2_pt.log
0.4628378450870514, 0.46283783783783783, 2,64, 3, 256, 256, 2,0.3, 0.3, 2,concat2, 0.0003, 500, 60, 5, 5, /data/research_data/driver_activity/data/train, metro_h2_pt_vi_2.pth, log, exe_metro_h2_pt.log
0.48230087757110596, 0.4823008849557522, 1,64, 3, 256, 256, 2,0.5, 0.5, 2,concat2, 0.0003, 500, 60, 5, 5, /data/research_data/driver_activity/data/train, metro_h2_pt_dp5_vi_1.pth, log, exe_metro_h2_pt_dp5.log
0.4306930601596832, 0.4306930693069307, 3,64, 3, 256, 256, 2,0.3, 0.3, 2,concat2, 0.0003, 500, 60, 5, 5, /data/research_data/driver_activity/data/train, metro_h2_pt_vi_3.pth, log, exe_metro_h2_pt.log
0.47345131635665894, 0.47345132743362833, 1,64, 3, 256, 256, 2,0.3, 0.3, 2,concat2, 0.0003, 500, 60, 5, 5, /data/research_data/driver_activity/data/train, metro_h2_pt_nma_dp3_vi_1.pth, log, exe_metro_h2_pt_nma_dp3.log
0.47072073817253113, 0.47072072072072074, 2,64, 3, 256, 256, 2,0.5, 0.5, 2,concat2, 0.0003, 500, 60, 5, 5, /data/research_data/driver_activity/data/train, metro_h2_pt_dp5_vi_2.pth, log, exe_metro_h2_pt_dp5.log
0.444819837808609, 0.44481981981981983, 2,64, 3, 256, 256, 2,0.3, 0.3, 2,concat2, 0.0003, 500, 60, 5, 5, /data/research_data/driver_activity/data/train, metro_h2_pt_nma_dp3_vi_2.pth, log, exe_metro_h2_pt_nma_dp3.log
0.699999988079071, 0.7, 4,64, 3, 256, 256, 2,0.3, 0.3, 2,concat2, 0.0003, 500, 60, 5, 5, /data/research_data/driver_activity/data/train, metro_h2_pt_vi_4.pth, log, exe_metro_h2_pt.log
0.43316832184791565, 0.43316831683168316, 3,64, 3, 256, 256, 2,0.5, 0.5, 2,concat2, 0.0003, 500, 60, 5, 5, /data/research_data/driver_activity/data/train, metro_h2_pt_dp5_vi_3.pth, log, exe_metro_h2_pt_dp5.log
0.44306930899620056, 0.4430693069306931, 3,64, 3, 256, 256, 2,0.3, 0.3, 2,concat2, 0.0003, 500, 60, 5, 5, /data/research_data/driver_activity/data/train, metro_h2_pt_nma_dp3_vi_3.pth, log, exe_metro_h2_pt_nma_dp3.log
0.6012658476829529, 0.6012658227848101, 5,64, 3, 256, 256, 2,0.3, 0.3, 2,concat2, 0.0003, 500, 60, 5, 5, /data/research_data/driver_activity/data/train, metro_h2_pt_vi_5.pth, log, exe_metro_h2_pt.log
0.5336496114730835, 0.5336496114726413, final,64, 3, 256, 256, 2,0.3, 0.3, 2,concat2, 0.0003, 500, 60, 5, 5, /data/research_data/driver_activity/data/train, metro_h2_pt_vi_6.pth, log, exe_metro_h2_pt.log
0.6714285612106323, 0.6714285714285714, 4,64, 3, 256, 256, 2,0.5, 0.5, 2,concat2, 0.0003, 500, 60, 5, 5, /data/research_data/driver_activity/data/train, metro_h2_pt_dp5_vi_4.pth, log, exe_metro_h2_pt_dp5.log
0.7071428894996643, 0.7071428571428572, 4,64, 3, 256, 256, 2,0.3, 0.3, 2,concat2, 0.0003, 500, 60, 5, 5, /data/research_data/driver_activity/data/train, metro_h2_pt_nma_dp3_vi_4.pth, log, exe_metro_h2_pt_nma_dp3.log
0.6962025761604309, 0.6962025316455697, 5,64, 3, 256, 256, 2,0.5, 0.5, 2,concat2, 0.0003, 500, 60, 5, 5, /data/research_data/driver_activity/data/train, metro_h2_pt_dp5_vi_5.pth, log, exe_metro_h2_pt_dp5.log
0.5507642149925231, 0.5507642051164594, final,64, 3, 256, 256, 2,0.5, 0.5, 2,concat2, 0.0003, 500, 60, 5, 5, /data/research_data/driver_activity/data/train, metro_h2_pt_dp5_vi_6.pth, log, exe_metro_h2_pt_dp5.log
0.7151898741722107, 0.7151898734177216, 5,64, 3, 256, 256, 2,0.3, 0.3, 2,concat2, 0.0003, 500, 60, 5, 5, /data/research_data/driver_activity/data/train, metro_h2_pt_nma_dp3_vi_5.pth, log, exe_metro_h2_pt_nma_dp3.log
0.5567346453666687, 0.556734636948944, final,64, 3, 256, 256, 2,0.3, 0.3, 2,concat2, 0.0003, 500, 60, 5, 5, /data/research_data/driver_activity/data/train, metro_h2_pt_nma_dp3_vi_6.pth, log, exe_metro_h2_pt_nma_dp3.log
0.47345131635665894, 0.47345132743362833, 1,64, 3, 128, 128, 2,0.3, 0.3, 2,concat2, 0.0003, 500, 60, 5, 5, /data/research_data/driver_activity/data/train, metro_h2_pt_nma_dp3_fe128_vi_1.pth, log, exe_metro_h2_pt_nma_dp3_fe128.log
0.4718468487262726, 0.47184684684684686, 2,64, 3, 128, 128, 2,0.3, 0.3, 2,concat2, 0.0003, 500, 60, 5, 5, /data/research_data/driver_activity/data/train, metro_h2_pt_nma_dp3_fe128_vi_2.pth, log, exe_metro_h2_pt_nma_dp3_fe128.log
0.4247787594795227, 0.4247787610619469, 1,64, 3, 256, 256, 2,0.5, 0.5, 2,concat2, 0.0003, 500, 60, 5, 5, /data/research_data/driver_activity/data/train, metro_h2_pt_nma_dp5_vi_1.pth, log, exe_metro_h2_pt_nma_dp5.log
0.44306930899620056, 0.4430693069306931, 3,64, 3, 128, 128, 2,0.3, 0.3, 2,concat2, 0.0003, 500, 60, 5, 5, /data/research_data/driver_activity/data/train, metro_h2_pt_nma_dp3_fe128_vi_3.pth, log, exe_metro_h2_pt_nma_dp3_fe128.log
0.4380630850791931, 0.4380630630630631, 2,64, 3, 256, 256, 2,0.5, 0.5, 2,concat2, 0.0003, 500, 60, 5, 5, /data/research_data/driver_activity/data/train, metro_h2_pt_nma_dp5_vi_2.pth, log, exe_metro_h2_pt_nma_dp5.log
0.47787609696388245, 0.4778761061946903, 1,64, 3, 128, 128, 2,0.3, 0.3, 2,concat2, 0.0003, 500, 60, 5, 5, /data/research_data/driver_activity/data/train, metro_h2_pt_dp3_fe128_vi_1.pth, log, exe_metro_h2_pt_dp3_fe128.log
0.7107142806053162, 0.7107142857142857, 4,64, 3, 128, 128, 2,0.3, 0.3, 2,concat2, 0.0003, 500, 60, 5, 5, /data/research_data/driver_activity/data/train, metro_h2_pt_nma_dp3_fe128_vi_4.pth, log, exe_metro_h2_pt_nma_dp3_fe128.log
0.4306930601596832, 0.4306930693069307, 3,64, 3, 256, 256, 2,0.5, 0.5, 2,concat2, 0.0003, 500, 60, 5, 5, /data/research_data/driver_activity/data/train, metro_h2_pt_nma_dp5_vi_3.pth, log, exe_metro_h2_pt_nma_dp5.log
0.7035714387893677, 0.7035714285714286, 4,64, 3, 256, 256, 2,0.5, 0.5, 2,concat2, 0.0003, 500, 60, 5, 5, /data/research_data/driver_activity/data/train, metro_h2_pt_nma_dp5_vi_4.pth, log, exe_metro_h2_pt_nma_dp5.log
0.5696202516555786, 0.569620253164557, 5,64, 3, 128, 128, 2,0.3, 0.3, 2,concat2, 0.0003, 500, 60, 5, 5, /data/research_data/driver_activity/data/train, metro_h2_pt_nma_dp3_fe128_vi_5.pth, log, exe_metro_h2_pt_nma_dp3_fe128.log
0.5337404012680054, 0.5337404040180022, final,64, 3, 128, 128, 2,0.3, 0.3, 2,concat2, 0.0003, 500, 60, 5, 5, /data/research_data/driver_activity/data/train, metro_h2_pt_nma_dp3_fe128_vi_6.pth, log, exe_metro_h2_pt_nma_dp3_fe128.log
0.7278481125831604, 0.7278481012658228, 5,64, 3, 256, 256, 2,0.5, 0.5, 2,concat2, 0.0003, 500, 60, 5, 5, /data/research_data/driver_activity/data/train, metro_h2_pt_nma_dp5_vi_5.pth, log, exe_metro_h2_pt_nma_dp5.log
0.5449908912181854, 0.5449908846538384, final,64, 3, 256, 256, 2,0.5, 0.5, 2,concat2, 0.0003, 500, 60, 5, 5, /data/research_data/driver_activity/data/train, metro_h2_pt_nma_dp5_vi_6.pth, log, exe_metro_h2_pt_nma_dp5.log
0.4718468487262726, 0.47184684684684686, 2,64, 3, 128, 128, 2,0.3, 0.3, 2,concat2, 0.0003, 500, 60, 5, 5, /data/research_data/driver_activity/data/train, metro_h2_pt_dp3_fe128_vi_2.pth, log, exe_metro_h2_pt_dp3_fe128.log
0.4381188154220581, 0.4381188118811881, 3,64, 3, 128, 128, 2,0.3, 0.3, 2,concat2, 0.0003, 500, 60, 5, 5, /data/research_data/driver_activity/data/train, metro_h2_pt_dp3_fe128_vi_3.pth, log, exe_metro_h2_pt_dp3_fe128.log
0.7107142806053162, 0.7107142857142857, 4,64, 3, 128, 128, 2,0.3, 0.3, 2,concat2, 0.0003, 500, 60, 5, 5, /data/research_data/driver_activity/data/train, metro_h2_pt_dp3_fe128_vi_4.pth, log, exe_metro_h2_pt_dp3_fe128.log
0.7278481125831604, 0.7278481012658228, 5,64, 3, 128, 128, 2,0.3, 0.3, 2,concat2, 0.0003, 500, 60, 5, 5, /data/research_data/driver_activity/data/train, metro_h2_pt_dp3_fe128_vi_5.pth, log, exe_metro_h2_pt_dp3_fe128.log
0.5652808308601379, 0.5652808303805668, final,64, 3, 128, 128, 2,0.3, 0.3, 2,concat2, 0.0003, 500, 60, 5, 5, /data/research_data/driver_activity/data/train, metro_h2_pt_dp3_fe128_vi_6.pth, log, exe_metro_h2_pt_dp3_fe128.log
0.47345131635665894, 0.47345132743362833, 1,64, 3, 64, 64, 2,0.4, 0.4, 2,concat2, 0.0003, 500, 60, 5, 5, /data/research_data/driver_activity/data/train, metro_h2_pt_dp4_fe64_np_vi_1.pth, log, exe_metro_h2_pt_dp4_fe64_np.log
0.47345131635665894, 0.47345132743362833, 1,64, 3, 32, 32, 2,0.4, 0.4, 2,concat2, 0.0003, 500, 60, 5, 5, /data/research_data/driver_activity/data/train, metro_h2_pt_dp4_fe32_np_vi_1.pth, log, exe_metro_h2_pt_dp4_fe32_np.log
0.4560810923576355, 0.4560810810810811, 2,64, 3, 64, 64, 2,0.4, 0.4, 2,concat2, 0.0003, 500, 60, 5, 5, /data/research_data/driver_activity/data/train, metro_h2_pt_dp4_fe64_np_vi_2.pth, log, exe_metro_h2_pt_dp4_fe64_np.log
0.4718468487262726, 0.47184684684684686, 2,64, 3, 32, 32, 2,0.4, 0.4, 2,concat2, 0.0003, 500, 60, 5, 5, /data/research_data/driver_activity/data/train, metro_h2_pt_dp4_fe32_np_vi_2.pth, log, exe_metro_h2_pt_dp4_fe32_np.log
0.3836633563041687, 0.38366336633663367, 3,64, 3, 64, 64, 2,0.4, 0.4, 2,concat2, 0.0003, 500, 60, 5, 5, /data/research_data/driver_activity/data/train, metro_h2_pt_dp4_fe64_np_vi_3.pth, log, exe_metro_h2_pt_dp4_fe64_np.log
0.44306930899620056, 0.4430693069306931, 3,64, 3, 32, 32, 2,0.4, 0.4, 2,concat2, 0.0003, 500, 60, 5, 5, /data/research_data/driver_activity/data/train, metro_h2_pt_dp4_fe32_np_vi_3.pth, log, exe_metro_h2_pt_dp4_fe32_np.log
0.7107142806053162, 0.7107142857142857, 4,64, 3, 64, 64, 2,0.4, 0.4, 2,concat2, 0.0003, 500, 60, 5, 5, /data/research_data/driver_activity/data/train, metro_h2_pt_dp4_fe64_np_vi_4.pth, log, exe_metro_h2_pt_dp4_fe64_np.log
0.7107142806053162, 0.7107142857142857, 4,64, 3, 32, 32, 2,0.4, 0.4, 2,concat2, 0.0003, 500, 60, 5, 5, /data/research_data/driver_activity/data/train, metro_h2_pt_dp4_fe32_np_vi_4.pth, log, exe_metro_h2_pt_dp4_fe32_np.log
0.702531635761261, 0.7025316455696202, 5,64, 3, 64, 64, 2,0.4, 0.4, 2,concat2, 0.0003, 500, 60, 5, 5, /data/research_data/driver_activity/data/train, metro_h2_pt_dp4_fe64_np_vi_5.pth, log, exe_metro_h2_pt_dp4_fe64_np.log
0.545288336277008, 0.5452883412270498, final,64, 3, 64, 64, 2,0.4, 0.4, 2,concat2, 0.0003, 500, 60, 5, 5, /data/research_data/driver_activity/data/train, metro_h2_pt_dp4_fe64_np_vi_6.pth, log, exe_metro_h2_pt_dp4_fe64_np.log
0.689873456954956, 0.689873417721519, 5,64, 3, 32, 32, 2,0.4, 0.4, 2,concat2, 0.0003, 500, 60, 5, 5, /data/research_data/driver_activity/data/train, metro_h2_pt_dp4_fe32_np_vi_5.pth, log, exe_metro_h2_pt_dp4_fe32_np.log
0.5577910423278809, 0.5577910369293946, final,64, 3, 32, 32, 2,0.4, 0.4, 2,concat2, 0.0003, 500, 60, 5, 5, /data/research_data/driver_activity/data/train, metro_h2_pt_dp4_fe32_np_vi_6.pth, log, exe_metro_h2_pt_dp4_fe32_np.log
0.4601770043373108, 0.46017699115044247, 1,64, 3, 32, 32, 2,0.4, 0.4, 2,concat2, 0.0003, 500, 60, 5, 5, /data/research_data/driver_activity/data/train, metro_h2_pt_dp4_fe32_np_re_vi_1.pth, log, exe_metro_h2_pt_dp4_fe32_np_re.log
0.4690265357494354, 0.4690265486725664, 1,64, 3, 128, 128, 2,0.4, 0.4, 2,concat2, 0.0003, 500, 60, 5, 5, /data/research_data/driver_activity/data/train, metro_h2_pt_dp4_fe128_nma_re_vi_1.pth, log, exe_metro_h2_pt_dp4_fe128_nma_re.log
0.45132744312286377, 0.45132743362831856, 1,64, 3, 32, 32, 2,0.4, 0.4, 2,concat2, 0.0003, 500, 60, 5, 5, /data/research_data/driver_activity/data/train, metro_h2_pt_dp4_fe32_np_re_vi_1.pth, log, exe_metro_h2_pt_dp4_fe32_re.log
0.47787609696388245, 0.4778761061946903, 1,64, 3, 128, 128, 2,0.4, 0.4, 2,concat2, 0.0003, 500, 60, 5, 5, /data/research_data/driver_activity/data/train, metro_h2_pt_dp4_fe128_re_vi_1.pth, log, exe_metro_h2_pt_dp4_fe128_re.log
0.4718468487262726, 0.47184684684684686, 2,64, 3, 32, 32, 2,0.4, 0.4, 2,concat2, 0.0003, 500, 60, 5, 5, /data/research_data/driver_activity/data/train, metro_h2_pt_dp4_fe32_np_re_vi_2.pth, log, exe_metro_h2_pt_dp4_fe32_np_re.log
0.4718468487262726, 0.47184684684684686, 2,64, 3, 128, 128, 2,0.4, 0.4, 2,concat2, 0.0003, 500, 60, 5, 5, /data/research_data/driver_activity/data/train, metro_h2_pt_dp4_fe128_nma_re_vi_2.pth, log, exe_metro_h2_pt_dp4_fe128_nma_re.log
0.4380630850791931, 0.4380630630630631, 2,64, 3, 32, 32, 2,0.4, 0.4, 2,concat2, 0.0003, 500, 60, 5, 5, /data/research_data/driver_activity/data/train, metro_h2_pt_dp4_fe32_np_re_vi_2.pth, log, exe_metro_h2_pt_dp4_fe32_re.log
0.4718468487262726, 0.47184684684684686, 2,64, 3, 128, 128, 2,0.4, 0.4, 2,concat2, 0.0003, 500, 60, 5, 5, /data/research_data/driver_activity/data/train, metro_h2_pt_dp4_fe128_re_vi_2.pth, log, exe_metro_h2_pt_dp4_fe128_re.log
0.44059404730796814, 0.4405940594059406, 3,64, 3, 32, 32, 2,0.4, 0.4, 2,concat2, 0.0003, 500, 60, 5, 5, /data/research_data/driver_activity/data/train, metro_h2_pt_dp4_fe32_np_re_vi_3.pth, log, exe_metro_h2_pt_dp4_fe32_np_re.log
0.44306930899620056, 0.4430693069306931, 3,64, 3, 128, 128, 2,0.4, 0.4, 2,concat2, 0.0003, 500, 60, 5, 5, /data/research_data/driver_activity/data/train, metro_h2_pt_dp4_fe128_nma_re_vi_3.pth, log, exe_metro_h2_pt_dp4_fe128_nma_re.log
0.44306930899620056, 0.4430693069306931, 3,64, 3, 32, 32, 2,0.4, 0.4, 2,concat2, 0.0003, 500, 60, 5, 5, /data/research_data/driver_activity/data/train, metro_h2_pt_dp4_fe32_np_re_vi_3.pth, log, exe_metro_h2_pt_dp4_fe32_re.log
0.44306930899620056, 0.4430693069306931, 3,64, 3, 128, 128, 2,0.4, 0.4, 2,concat2, 0.0003, 500, 60, 5, 5, /data/research_data/driver_activity/data/train, metro_h2_pt_dp4_fe128_re_vi_3.pth, log, exe_metro_h2_pt_dp4_fe128_re.log
0.7107142806053162, 0.7107142857142857, 4,64, 3, 32, 32, 2,0.4, 0.4, 2,concat2, 0.0003, 500, 60, 5, 5, /data/research_data/driver_activity/data/train, metro_h2_pt_dp4_fe32_np_re_vi_4.pth, log, exe_metro_h2_pt_dp4_fe32_np_re.log
0.7107142806053162, 0.7107142857142857, 4,64, 3, 128, 128, 2,0.4, 0.4, 2,concat2, 0.0003, 500, 60, 5, 5, /data/research_data/driver_activity/data/train, metro_h2_pt_dp4_fe128_nma_re_vi_4.pth, log, exe_metro_h2_pt_dp4_fe128_nma_re.log
0.7107142806053162, 0.7107142857142857, 4,64, 3, 32, 32, 2,0.4, 0.4, 2,concat2, 0.0003, 500, 60, 5, 5, /data/research_data/driver_activity/data/train, metro_h2_pt_dp4_fe32_np_re_vi_4.pth, log, exe_metro_h2_pt_dp4_fe32_re.log
0.7107142806053162, 0.7107142857142857, 4,64, 3, 128, 128, 2,0.4, 0.4, 2,concat2, 0.0003, 500, 60, 5, 5, /data/research_data/driver_activity/data/train, metro_h2_pt_dp4_fe128_re_vi_4.pth, log, exe_metro_h2_pt_dp4_fe128_re.log
0.7151898741722107, 0.7151898734177216, 5,64, 3, 32, 32, 2,0.4, 0.4, 2,concat2, 0.0003, 500, 60, 5, 5, /data/research_data/driver_activity/data/train, metro_h2_pt_dp4_fe32_np_re_vi_5.pth, log, exe_metro_h2_pt_dp4_fe32_np_re.log
0.5597044110298157, 0.5597044113070474, final,64, 3, 32, 32, 2,0.4, 0.4, 2,concat2, 0.0003, 500, 60, 5, 5, /data/research_data/driver_activity/data/train, metro_h2_pt_dp4_fe32_np_re_vi_6.pth, log, exe_metro_h2_pt_dp4_fe32_np_re.log
0.7278481125831604, 0.7278481012658228, 5,64, 3, 128, 128, 2,0.4, 0.4, 2,concat2, 0.0003, 500, 60, 5, 5, /data/research_data/driver_activity/data/train, metro_h2_pt_dp4_fe128_nma_re_vi_5.pth, log, exe_metro_h2_pt_dp4_fe128_nma_re.log
0.564501017332077, 0.564501017886043, final,64, 3, 128, 128, 2,0.4, 0.4, 2,concat2, 0.0003, 500, 60, 5, 5, /data/research_data/driver_activity/data/train, metro_h2_pt_dp4_fe128_nma_re_vi_6.pth, log, exe_metro_h2_pt_dp4_fe128_nma_re.log
0.7278481125831604, 0.7278481012658228, 5,64, 3, 32, 32, 2,0.4, 0.4, 2,concat2, 0.0003, 500, 60, 5, 5, /data/research_data/driver_activity/data/train, metro_h2_pt_dp4_fe32_np_re_vi_5.pth, log, exe_metro_h2_pt_dp4_fe32_re.log
0.5542044460773468, 0.5542044381204366, final,64, 3, 32, 32, 2,0.4, 0.4, 2,concat2, 0.0003, 500, 60, 5, 5, /data/research_data/driver_activity/data/train, metro_h2_pt_dp4_fe32_np_re_vi_6.pth, log, exe_metro_h2_pt_dp4_fe32_re.log
0.7278481125831604, 0.7278481012658228, 5,64, 3, 128, 128, 2,0.4, 0.4, 2,concat2, 0.0003, 500, 60, 5, 5, /data/research_data/driver_activity/data/train, metro_h2_pt_dp4_fe128_re_vi_5.pth, log, exe_metro_h2_pt_dp4_fe128_re.log
0.5662709295749664, 0.5662709293904677, final,64, 3, 128, 128, 2,0.4, 0.4, 2,concat2, 0.0003, 500, 60, 5, 5, /data/research_data/driver_activity/data/train, metro_h2_pt_dp4_fe128_re_vi_6.pth, log, exe_metro_h2_pt_dp4_fe128_re.log
0.38476189970970154, 0.38476190476190475, 1,64, 3, 128, 128, 2,0.4, 0.4, 2,concat2, 0.0003, 500, 60, 5, 5, /scratch/at5cf/ann, metro_h2_pt_dp4_fe128_nma_re_vi_1.pth, log, exe_metro_h2_pt_dp4_fe128_nma_re.log
0.27047619223594666, 0.2704761904761905, 1,64, 3, 128, 128, 2,0.75, 0.75, 2,concat2, 0.0003, 500, 60, 4, 5, /scratch/at5cf/ann, metro_h2_pt_dp4_fe128_nma_re_vi_1.pth, log, exe_metro_h2_pt_dp4_fe128_nma_re.log
0.2983802258968353, 0.30056497175141245, 1,64, 3, 256, 256, 2,0.6, 0.6, 2,concat10, 0.0003, 500, 60, 4, 5, /scratch/at5cf/ann, metro_h2_pt_dp4_fe128_nma_re_vi_1.pth, log, exe_metro_h2_pt_dp4_fe128_nma_re.log
0.558411180973053, 0.5584112149532711, 1,128, 3, 256, 256, 2,0.4, 0.4, 2,concat2, 0.0003, 500, 150, 4, 5, /project/Driver_in_the_loop/ann, metro_h2_pt_dp4_fe128_nma_re_vi_1.pth, log, exe_metro_h2_pt_dp4_fe128_nma_re.log
